<?xml version="1.0" encoding="UTF-8"?>
<!-- Generated by org.testng.reporters.JUnitReportReporter -->
<testsuite hostname="Hoangs-MacBook-Pro.local" name="stepDefinitions.Test1" tests="1" failures="0" timestamp="11 Dec 2018 15:33:41 GMT" time="13.783" errors="0">
  <testcase name="test" time="13.783" classname="stepDefinitions.Test1"/>
</testsuite> <!-- stepDefinitions.Test1 -->
